0 info it worked if it ends with ok
1 verbose cli [ '/usr/local/bin/node', '/usr/local/bin/npm', 'run', 'build' ]
2 info using npm@3.10.2
3 info using node@v4.4.6
4 verbose run-script [ 'prebuild', 'build', 'postbuild' ]
5 info lifecycle babycorgi@1.0.0~prebuild: babycorgi@1.0.0
6 silly lifecycle babycorgi@1.0.0~prebuild: no script for prebuild, continuing
7 info lifecycle babycorgi@1.0.0~build: babycorgi@1.0.0
8 verbose lifecycle babycorgi@1.0.0~build: unsafe-perm in lifecycle true
9 verbose lifecycle babycorgi@1.0.0~build: PATH: /usr/local/lib/node_modules/npm/bin/node-gyp-bin:/Users/a.zhao/Desktop/Anna's Work Files/babycorgi/node_modules/.bin:/usr/local/bin:/usr/local/bin:/usr/local/sbin:/usr/bin:/bin:/usr/sbin:/sbin:/usr/local/opt/fzf/bin
10 verbose lifecycle babycorgi@1.0.0~build: CWD: /Users/a.zhao/Desktop/Anna's Work Files/babycorgi
11 silly lifecycle babycorgi@1.0.0~build: Args: [ '-c',
11 silly lifecycle   'webpack --progress --hide-modules --config webpack.config.dev.js' ]
12 silly lifecycle babycorgi@1.0.0~build: Returned: code: 1  signal: null
13 info lifecycle babycorgi@1.0.0~build: Failed to exec build script
14 verbose stack Error: babycorgi@1.0.0 build: `webpack --progress --hide-modules --config webpack.config.dev.js`
14 verbose stack Exit status 1
14 verbose stack     at EventEmitter.<anonymous> (/usr/local/lib/node_modules/npm/lib/utils/lifecycle.js:242:16)
14 verbose stack     at emitTwo (events.js:87:13)
14 verbose stack     at EventEmitter.emit (events.js:172:7)
14 verbose stack     at ChildProcess.<anonymous> (/usr/local/lib/node_modules/npm/lib/utils/spawn.js:40:14)
14 verbose stack     at emitTwo (events.js:87:13)
14 verbose stack     at ChildProcess.emit (events.js:172:7)
14 verbose stack     at maybeClose (internal/child_process.js:827:16)
14 verbose stack     at Process.ChildProcess._handle.onexit (internal/child_process.js:211:5)
15 verbose pkgid babycorgi@1.0.0
16 verbose cwd /Users/a.zhao/Desktop/Anna's Work Files/babycorgi
17 error Darwin 15.6.0
18 error argv "/usr/local/bin/node" "/usr/local/bin/npm" "run" "build"
19 error node v4.4.6
20 error npm  v3.10.2
21 error code ELIFECYCLE
22 error babycorgi@1.0.0 build: `webpack --progress --hide-modules --config webpack.config.dev.js`
22 error Exit status 1
23 error Failed at the babycorgi@1.0.0 build script 'webpack --progress --hide-modules --config webpack.config.dev.js'.
23 error Make sure you have the latest version of node.js and npm installed.
23 error If you do, this is most likely a problem with the babycorgi package,
23 error not with npm itself.
23 error Tell the author that this fails on your system:
23 error     webpack --progress --hide-modules --config webpack.config.dev.js
23 error You can get information on how to open an issue for this project with:
23 error     npm bugs babycorgi
23 error Or if that isn't available, you can get their info via:
23 error     npm owner ls babycorgi
23 error There is likely additional logging output above.
24 verbose exit [ 1, true ]
